2026-05-02 15:27:56 [INFO] features — Engineering features on 252 rows …
2026-05-02 15:27:56 [INFO] features — Feature matrix: 232 rows × 31 features
2026-05-02 15:29:15 [INFO] features — Engineering features on 252 rows …
2026-05-02 15:29:15 [INFO] features — Feature matrix: 232 rows × 31 features
2026-05-02 15:29:34 [INFO] data — Starting news collection for AAPL …
2026-05-02 15:29:37 [INFO] data — Yahoo RSS — fetched 20 articles for AAPL
2026-05-02 15:29:39 [INFO] data — Economic Times — fetched 16 articles
2026-05-02 15:29:41 [INFO] data — Moneycontrol — fetched 25 articles
2026-05-02 15:29:41 [INFO] data — News saved → C:\Users\ABHI\python project ca\data\news_data.csv (61 rows)
2026-05-02 15:29:41 [INFO] sentiment — Computing sentiment for 61 rows …
2026-05-02 15:29:41 [INFO] sentiment — Sentiment distribution — Positive: 29 | Neutral: 14 | Negative: 18
2026-05-02 15:29:41 [INFO] data — Fetching stock data for AAPL …
2026-05-02 15:29:44 [INFO] data — Stock data saved → C:\Users\ABHI\python project ca\data\stock_data.csv (251 rows)
2026-05-02 15:29:44 [INFO] data — Merged dataset saved → C:\Users\ABHI\python project ca\data\merged_dataset.csv (251 rows)
2026-05-02 15:29:44 [INFO] features — Engineering features on 251 rows …
2026-05-02 15:29:45 [INFO] features — Feature matrix: 231 rows × 31 features
2026-05-02 15:29:45 [INFO] features — Features saved → C:\Users\ABHI\python project ca\data\features.csv
2026-05-02 15:31:24 [INFO] data — Starting news collection for AAPL …
2026-05-02 15:31:27 [INFO] data — Yahoo RSS — fetched 20 articles for AAPL
2026-05-02 15:31:30 [INFO] data — Economic Times — fetched 16 articles
2026-05-02 15:31:33 [INFO] data — Starting news collection for AAPL …
2026-05-02 15:31:33 [INFO] data — Moneycontrol — fetched 25 articles
2026-05-02 15:31:33 [INFO] data — News saved → C:\Users\ABHI\python project ca\data\news_data.csv (61 rows)
2026-05-02 15:31:33 [INFO] sentiment — Computing sentiment for 61 rows …
2026-05-02 15:31:33 [INFO] sentiment — Sentiment distribution — Positive: 29 | Neutral: 14 | Negative: 18
2026-05-02 15:31:33 [INFO] data — Starting news collection for AAPL …
2026-05-02 15:31:35 [INFO] data — Yahoo RSS — fetched 20 articles for AAPL
2026-05-02 15:31:35 [INFO] data — Starting news collection for AAPL …
2026-05-02 15:31:36 [INFO] data — Yahoo RSS — fetched 20 articles for AAPL
2026-05-02 15:31:37 [INFO] data — Starting news collection for AAPL …
2026-05-02 15:31:37 [INFO] data — Yahoo RSS — fetched 20 articles for AAPL
2026-05-02 15:31:38 [INFO] data — Economic Times — fetched 16 articles
2026-05-02 15:31:38 [INFO] data — Starting news collection for AAPL …
2026-05-02 15:31:38 [INFO] data — Economic Times — fetched 16 articles
2026-05-02 15:31:39 [INFO] data — Yahoo RSS — fetched 20 articles for AAPL
2026-05-02 15:31:39 [INFO] data — Economic Times — fetched 16 articles
2026-05-02 15:31:40 [INFO] data — Moneycontrol — fetched 25 articles
2026-05-02 15:31:40 [INFO] data — News saved → C:\Users\ABHI\python project ca\data\news_data.csv (61 rows)
2026-05-02 15:31:40 [INFO] sentiment — Computing sentiment for 61 rows …
2026-05-02 15:31:40 [INFO] sentiment — Sentiment distribution — Positive: 29 | Neutral: 14 | Negative: 18
2026-05-02 15:31:41 [INFO] data — Yahoo RSS — fetched 20 articles for AAPL
2026-05-02 15:31:41 [INFO] data — Moneycontrol — fetched 25 articles
2026-05-02 15:31:41 [INFO] data — News saved → C:\Users\ABHI\python project ca\data\news_data.csv (61 rows)
2026-05-02 15:31:41 [INFO] sentiment — Computing sentiment for 61 rows …
2026-05-02 15:31:41 [INFO] sentiment — Sentiment distribution — Positive: 29 | Neutral: 14 | Negative: 18
2026-05-02 15:31:42 [INFO] data — Economic Times — fetched 16 articles
2026-05-02 15:31:42 [INFO] data — Moneycontrol — fetched 25 articles
2026-05-02 15:31:42 [INFO] data — News saved → C:\Users\ABHI\python project ca\data\news_data.csv (61 rows)
2026-05-02 15:31:42 [INFO] sentiment — Computing sentiment for 61 rows …
2026-05-02 15:31:42 [INFO] sentiment — Sentiment distribution — Positive: 29 | Neutral: 14 | Negative: 18
2026-05-02 15:31:44 [INFO] data — Economic Times — fetched 16 articles
2026-05-02 15:31:45 [INFO] data — Moneycontrol — fetched 25 articles
2026-05-02 15:31:45 [INFO] data — News saved → C:\Users\ABHI\python project ca\data\news_data.csv (61 rows)
2026-05-02 15:31:45 [INFO] sentiment — Computing sentiment for 61 rows …
2026-05-02 15:31:45 [INFO] sentiment — Sentiment distribution — Positive: 29 | Neutral: 14 | Negative: 18
2026-05-02 15:31:45 [INFO] data — Moneycontrol — fetched 25 articles
2026-05-02 15:31:45 [INFO] data — News saved → C:\Users\ABHI\python project ca\data\news_data.csv (61 rows)
2026-05-02 15:31:45 [INFO] sentiment — Computing sentiment for 61 rows …
2026-05-02 15:31:45 [INFO] sentiment — Sentiment distribution — Positive: 29 | Neutral: 14 | Negative: 18
2026-05-02 15:31:45 [INFO] data — Fetching stock data for AAPL …
2026-05-02 15:31:46 [INFO] data — Stock data saved → C:\Users\ABHI\python project ca\data\stock_data.csv (21 rows)
2026-05-02 15:31:46 [INFO] data — Merged dataset saved → C:\Users\ABHI\python project ca\data\merged_dataset.csv (21 rows)
2026-05-02 15:31:46 [INFO] features — Engineering features on 21 rows …
2026-05-02 15:31:46 [INFO] features — Feature matrix: 1 rows × 31 features
2026-05-02 15:31:46 [INFO] features — Features saved → C:\Users\ABHI\python project ca\data\features.csv
2026-05-02 15:32:34 [INFO] model — Train size: 0 | Test size: 1
2026-05-02 15:32:47 [INFO] data — Starting news collection for AAPL …
2026-05-02 15:32:48 [INFO] data — Yahoo RSS — fetched 20 articles for AAPL
2026-05-02 15:32:51 [INFO] data — Economic Times — fetched 16 articles
2026-05-02 15:32:52 [INFO] data — Moneycontrol — fetched 25 articles
2026-05-02 15:32:53 [INFO] data — News saved → C:\Users\ABHI\python project ca\data\news_data.csv (61 rows)
2026-05-02 15:32:53 [INFO] sentiment — Computing sentiment for 61 rows …
2026-05-02 15:32:53 [INFO] sentiment — Sentiment distribution — Positive: 29 | Neutral: 14 | Negative: 18
2026-05-02 15:32:53 [INFO] data — Fetching stock data for AAPL …
2026-05-02 15:32:53 [INFO] data — Stock data saved → C:\Users\ABHI\python project ca\data\stock_data.csv (251 rows)
2026-05-02 15:32:53 [INFO] data — Merged dataset saved → C:\Users\ABHI\python project ca\data\merged_dataset.csv (251 rows)
2026-05-02 15:32:53 [INFO] features — Engineering features on 251 rows …
2026-05-02 15:32:53 [INFO] features — Feature matrix: 231 rows × 31 features
2026-05-02 15:32:53 [INFO] features — Features saved → C:\Users\ABHI\python project ca\data\features.csv
2026-05-02 15:33:05 [INFO] data — Starting news collection for AAPL …
2026-05-02 15:33:08 [INFO] data — Yahoo RSS — fetched 20 articles for AAPL
2026-05-02 15:33:09 [INFO] data — Starting news collection for AAPL …
2026-05-02 15:33:10 [INFO] data — Economic Times — fetched 16 articles
2026-05-02 15:33:11 [INFO] data — Yahoo RSS — fetched 20 articles for AAPL
2026-05-02 15:33:13 [INFO] data — Moneycontrol — fetched 25 articles
2026-05-02 15:33:13 [INFO] data — News saved → C:\Users\ABHI\python project ca\data\news_data.csv (61 rows)
2026-05-02 15:33:13 [INFO] sentiment — Computing sentiment for 61 rows …
2026-05-02 15:33:13 [INFO] sentiment — Sentiment distribution — Positive: 29 | Neutral: 14 | Negative: 18
2026-05-02 15:33:14 [INFO] data — Economic Times — fetched 16 articles
2026-05-02 15:33:16 [INFO] data — Moneycontrol — fetched 25 articles
2026-05-02 15:33:16 [INFO] data — News saved → C:\Users\ABHI\python project ca\data\news_data.csv (61 rows)
2026-05-02 15:33:16 [INFO] sentiment — Computing sentiment for 61 rows …
2026-05-02 15:33:16 [INFO] sentiment — Sentiment distribution — Positive: 29 | Neutral: 14 | Negative: 18
2026-05-02 15:33:16 [INFO] data — Fetching stock data for AAPL …
2026-05-02 15:33:17 [INFO] data — Stock data saved → C:\Users\ABHI\python project ca\data\stock_data.csv (251 rows)
2026-05-02 15:33:17 [INFO] data — Merged dataset saved → C:\Users\ABHI\python project ca\data\merged_dataset.csv (251 rows)
2026-05-02 15:33:17 [INFO] features — Engineering features on 251 rows …
2026-05-02 15:33:17 [INFO] features — Feature matrix: 231 rows × 31 features
2026-05-02 15:33:17 [INFO] features — Features saved → C:\Users\ABHI\python project ca\data\features.csv
2026-05-02 15:34:28 [INFO] model — Train size: 184 | Test size: 47
2026-05-02 15:34:28 [INFO] model — Scaler saved → C:\Users\ABHI\python project ca\models\scaler.pkl
2026-05-02 15:34:28 [INFO] model — Training Logistic Regression …
2026-05-02 15:34:28 [INFO] model — Logistic Regression saved → C:\Users\ABHI\python project ca\models\logistic_regression.pkl
2026-05-02 15:34:28 [INFO] model — Logistic Regression → Acc: 0.4681 | Prec: 0.4828 | Rec: 0.5833 | F1: 0.5283
2026-05-02 15:34:28 [INFO] model — Training Random Forest …
2026-05-02 15:34:29 [INFO] model — Top-5 features:
macd_hist        0.076482
volatility       0.073509
macd             0.064805
volume_change    0.060302
volume_ratio     0.056062
2026-05-02 15:34:29 [INFO] model — Random Forest saved → C:\Users\ABHI\python project ca\models\random_forest.pkl
2026-05-02 15:34:29 [INFO] model — Random Forest → Acc: 0.5319 | Prec: 0.5217 | Rec: 1.0000 | F1: 0.6857
2026-05-02 15:34:30 [INFO] model — Train size: 184 | Test size: 47
2026-05-02 15:34:30 [INFO] model — Scaler saved → C:\Users\ABHI\python project ca\models\scaler.pkl
2026-05-02 15:34:30 [INFO] model — Training Logistic Regression …
2026-05-02 15:34:30 [INFO] model — Logistic Regression saved → C:\Users\ABHI\python project ca\models\logistic_regression.pkl
2026-05-02 15:34:30 [INFO] model — Logistic Regression → Acc: 0.4681 | Prec: 0.4828 | Rec: 0.5833 | F1: 0.5283
2026-05-02 15:34:30 [INFO] model — Training Random Forest …
2026-05-02 15:34:30 [INFO] model — Top-5 features:
macd_hist        0.076482
volatility       0.073509
macd             0.064805
volume_change    0.060302
volume_ratio     0.056062
2026-05-02 15:34:30 [INFO] model — Random Forest saved → C:\Users\ABHI\python project ca\models\random_forest.pkl
2026-05-02 15:34:30 [INFO] model — Random Forest → Acc: 0.5319 | Prec: 0.5217 | Rec: 1.0000 | F1: 0.6857
2026-05-02 15:34:38 [INFO] model — Training LSTM (seq_len=10) …
2026-05-02 15:34:38 [INFO] model — Training LSTM (seq_len=10) …
2026-05-02 15:34:45 [INFO] model — LSTM saved → C:\Users\ABHI\python project ca\models\lstm_model.keras
2026-05-02 15:34:45 [INFO] model — LSTM → Acc: 0.4595 | Prec: 0.0000 | Rec: 0.0000 | F1: 0.0000
2026-05-02 15:34:45 [INFO] model — LSTM saved → C:\Users\ABHI\python project ca\models\lstm_model.keras
2026-05-02 15:34:45 [INFO] model — Best model: Random Forest (F1=0.6857)
2026-05-02 15:34:45 [INFO] model — LSTM → Acc: 0.5405 | Prec: 0.6364 | Rec: 0.3500 | F1: 0.4516
2026-05-02 15:34:45 [INFO] model — Best model: Random Forest (F1=0.6857)
2026-05-02 15:34:46 [INFO] model — Loading best model: Random Forest
2026-05-02 15:35:30 [INFO] model — Loading best model: Random Forest
2026-05-02 15:37:05 [INFO] data — Starting news collection for BITCOIN USD PRICE (BTC-USD) …
2026-05-02 15:37:07 [INFO] data — Yahoo RSS — fetched 0 articles for BITCOIN USD PRICE (BTC-USD)
2026-05-02 15:37:09 [INFO] data — Economic Times — fetched 16 articles
2026-05-02 15:37:12 [INFO] data — Moneycontrol — fetched 25 articles
2026-05-02 15:37:12 [INFO] data — News saved → C:\Users\ABHI\python project ca\data\news_data.csv (41 rows)
2026-05-02 15:37:12 [INFO] sentiment — Computing sentiment for 41 rows …
2026-05-02 15:37:12 [INFO] sentiment — Sentiment distribution — Positive: 21 | Neutral: 7 | Negative: 13
2026-05-02 15:37:12 [INFO] data — Fetching stock data for BITCOIN USD PRICE (BTC-USD) …
2026-05-02 15:37:15 [WARNING] data — No stock data returned for BITCOIN USD PRICE (BTC-USD)
2026-05-02 15:37:42 [INFO] data — Starting news collection for BITCOIN USD PRICE (BTC-USD) …
2026-05-02 15:37:44 [INFO] data — Yahoo RSS — fetched 0 articles for BITCOIN USD PRICE (BTC-USD)
2026-05-02 15:37:47 [INFO] data — Economic Times — fetched 16 articles
2026-05-02 15:37:49 [INFO] data — Moneycontrol — fetched 25 articles
2026-05-02 15:37:49 [INFO] data — News saved → C:\Users\ABHI\python project ca\data\news_data.csv (41 rows)
2026-05-02 15:37:49 [INFO] sentiment — Computing sentiment for 41 rows …
2026-05-02 15:37:49 [INFO] sentiment — Sentiment distribution — Positive: 21 | Neutral: 7 | Negative: 13
2026-05-02 15:37:49 [INFO] data — Fetching stock data for BITCOIN USD PRICE (BTC-USD) …
2026-05-02 15:37:51 [WARNING] data — No stock data returned for BITCOIN USD PRICE (BTC-USD)
2026-05-02 15:37:55 [INFO] data — Starting news collection for BITCOIN USD PRICE (BTC-USD) …
2026-05-02 15:37:56 [INFO] data — Starting news collection for BITCOIN USD PRICE (BTC-USD) …
2026-05-02 15:37:57 [INFO] data — Yahoo RSS — fetched 0 articles for BITCOIN USD PRICE (BTC-USD)
2026-05-02 15:37:58 [INFO] data — Yahoo RSS — fetched 0 articles for BITCOIN USD PRICE (BTC-USD)
2026-05-02 15:38:00 [INFO] data — Economic Times — fetched 16 articles
2026-05-02 15:38:00 [INFO] data — Economic Times — fetched 16 articles
2026-05-02 15:38:01 [INFO] data — Moneycontrol — fetched 25 articles
2026-05-02 15:38:01 [INFO] data — News saved → C:\Users\ABHI\python project ca\data\news_data.csv (41 rows)
2026-05-02 15:38:01 [INFO] sentiment — Computing sentiment for 41 rows …
2026-05-02 15:38:01 [INFO] sentiment — Sentiment distribution — Positive: 21 | Neutral: 7 | Negative: 13
2026-05-02 15:38:01 [INFO] data — Fetching stock data for BITCOIN USD PRICE (BTC-USD) …
2026-05-02 15:38:02 [INFO] data — Moneycontrol — fetched 25 articles
2026-05-02 15:38:02 [INFO] data — News saved → C:\Users\ABHI\python project ca\data\news_data.csv (41 rows)
2026-05-02 15:38:02 [INFO] sentiment — Computing sentiment for 41 rows …
2026-05-02 15:38:02 [INFO] sentiment — Sentiment distribution — Positive: 21 | Neutral: 7 | Negative: 13
2026-05-02 15:38:03 [INFO] data — Starting news collection for BITCOIN USD PRICE (BTC-USD) …
2026-05-02 15:38:03 [INFO] data — Starting news collection for BITCOIN USD PRICE (BTC-USD) …
2026-05-02 15:38:03 [WARNING] data — No stock data returned for BITCOIN USD PRICE (BTC-USD)
2026-05-02 15:38:05 [INFO] data — Starting news collection for BITCOIN USD PRICE (BTC-USD) …
2026-05-02 15:38:07 [INFO] data — Yahoo RSS — fetched 0 articles for BITCOIN USD PRICE (BTC-USD)
2026-05-02 15:38:07 [INFO] data — Yahoo RSS — fetched 0 articles for BITCOIN USD PRICE (BTC-USD)
2026-05-02 15:38:07 [INFO] data — Yahoo RSS — fetched 0 articles for BITCOIN USD PRICE (BTC-USD)
2026-05-02 15:38:09 [INFO] data — Economic Times — fetched 16 articles
2026-05-02 15:38:09 [INFO] data — Economic Times — fetched 16 articles
2026-05-02 15:38:10 [INFO] data — Economic Times — fetched 16 articles
2026-05-02 15:38:11 [INFO] data — Moneycontrol — fetched 25 articles
2026-05-02 15:38:11 [INFO] data — News saved → C:\Users\ABHI\python project ca\data\news_data.csv (41 rows)
2026-05-02 15:38:12 [INFO] sentiment — Computing sentiment for 41 rows …
2026-05-02 15:38:12 [INFO] sentiment — Sentiment distribution — Positive: 21 | Neutral: 7 | Negative: 13
2026-05-02 15:38:12 [INFO] data — Moneycontrol — fetched 25 articles
2026-05-02 15:38:12 [INFO] data — News saved → C:\Users\ABHI\python project ca\data\news_data.csv (41 rows)
2026-05-02 15:38:12 [INFO] sentiment — Computing sentiment for 41 rows …
2026-05-02 15:38:12 [INFO] sentiment — Sentiment distribution — Positive: 21 | Neutral: 7 | Negative: 13
2026-05-02 15:38:13 [INFO] data — Moneycontrol — fetched 25 articles
2026-05-02 15:38:13 [INFO] data — News saved → C:\Users\ABHI\python project ca\data\news_data.csv (41 rows)
2026-05-02 15:38:13 [INFO] sentiment — Computing sentiment for 41 rows …
2026-05-02 15:38:13 [INFO] sentiment — Sentiment distribution — Positive: 21 | Neutral: 7 | Negative: 13
2026-05-02 15:38:13 [INFO] data — Fetching stock data for BITCOIN USD PRICE (BTC-USD) …
2026-05-02 15:38:15 [WARNING] data — No stock data returned for BITCOIN USD PRICE (BTC-USD)
2026-05-02 15:38:20 [INFO] data — Starting news collection for BITCOIN …
2026-05-02 15:38:22 [INFO] data — Yahoo RSS — fetched 0 articles for BITCOIN
2026-05-02 15:38:25 [INFO] data — Economic Times — fetched 16 articles
2026-05-02 15:38:27 [INFO] data — Moneycontrol — fetched 25 articles
2026-05-02 15:38:27 [INFO] data — News saved → C:\Users\ABHI\python project ca\data\news_data.csv (41 rows)
2026-05-02 15:38:27 [INFO] sentiment — Computing sentiment for 41 rows …
2026-05-02 15:38:27 [INFO] sentiment — Sentiment distribution — Positive: 21 | Neutral: 7 | Negative: 13
2026-05-02 15:38:27 [INFO] data — Fetching stock data for BITCOIN …
2026-05-02 15:38:31 [WARNING] data — No stock data returned for BITCOIN
2026-05-02 15:38:59 [INFO] data — Starting news collection for BITCOIN …
2026-05-02 15:39:02 [INFO] data — Yahoo RSS — fetched 0 articles for BITCOIN
2026-05-02 15:39:05 [INFO] data — Economic Times — fetched 16 articles
2026-05-02 15:39:08 [INFO] data — Moneycontrol — fetched 25 articles
2026-05-02 15:39:08 [INFO] data — News saved → C:\Users\ABHI\python project ca\data\news_data.csv (41 rows)
2026-05-02 15:39:08 [INFO] sentiment — Computing sentiment for 41 rows …
2026-05-02 15:39:08 [INFO] sentiment — Sentiment distribution — Positive: 21 | Neutral: 7 | Negative: 13
2026-05-02 15:39:08 [INFO] data — Fetching stock data for BITCOIN …
2026-05-02 15:39:10 [WARNING] data — No stock data returned for BITCOIN
2026-05-02 15:39:48 [INFO] data — Starting news collection for EBAY INC. …
2026-05-02 15:39:51 [INFO] data — Yahoo RSS — fetched 0 articles for EBAY INC.
2026-05-02 15:39:53 [INFO] data — Economic Times — fetched 16 articles
2026-05-02 15:39:55 [INFO] data — Moneycontrol — fetched 25 articles
2026-05-02 15:39:55 [INFO] data — News saved → C:\Users\ABHI\python project ca\data\news_data.csv (41 rows)
2026-05-02 15:39:55 [INFO] sentiment — Computing sentiment for 41 rows …
2026-05-02 15:39:55 [INFO] sentiment — Sentiment distribution — Positive: 21 | Neutral: 7 | Negative: 13
2026-05-02 15:39:55 [INFO] data — Fetching stock data for EBAY INC. …
2026-05-02 15:39:58 [WARNING] data — No stock data returned for EBAY INC.
2026-05-02 15:41:15 [INFO] data — Starting news collection for EBAY …
2026-05-02 15:41:17 [INFO] data — Yahoo RSS — fetched 20 articles for EBAY
2026-05-02 15:41:21 [INFO] data — Economic Times — fetched 16 articles
2026-05-02 15:41:23 [INFO] data — Moneycontrol — fetched 25 articles
2026-05-02 15:41:23 [INFO] data — News saved → C:\Users\ABHI\python project ca\data\news_data.csv (61 rows)
2026-05-02 15:41:23 [INFO] sentiment — Computing sentiment for 61 rows …
2026-05-02 15:41:23 [INFO] sentiment — Sentiment distribution — Positive: 30 | Neutral: 15 | Negative: 16
2026-05-02 15:41:23 [INFO] data — Fetching stock data for EBAY …
2026-05-02 15:41:25 [INFO] data — Stock data saved → C:\Users\ABHI\python project ca\data\stock_data.csv (21 rows)
2026-05-02 15:41:25 [INFO] data — Merged dataset saved → C:\Users\ABHI\python project ca\data\merged_dataset.csv (21 rows)
2026-05-02 15:41:25 [INFO] features — Engineering features on 21 rows …
2026-05-02 15:41:25 [INFO] features — Feature matrix: 1 rows × 31 features
2026-05-02 15:41:25 [INFO] features — Features saved → C:\Users\ABHI\python project ca\data\features.csv
2026-05-02 15:41:25 [INFO] model — Loading best model: Random Forest
2026-05-02 15:41:54 [INFO] data — Starting news collection for EBAY …
2026-05-02 15:41:57 [INFO] data — Yahoo RSS — fetched 20 articles for EBAY
2026-05-02 15:41:59 [INFO] data — Economic Times — fetched 16 articles
2026-05-02 15:42:02 [INFO] data — Moneycontrol — fetched 25 articles
2026-05-02 15:42:02 [INFO] data — News saved → C:\Users\ABHI\python project ca\data\news_data.csv (61 rows)
2026-05-02 15:42:02 [INFO] sentiment — Computing sentiment for 61 rows …
2026-05-02 15:42:02 [INFO] sentiment — Sentiment distribution — Positive: 30 | Neutral: 15 | Negative: 16
2026-05-02 15:42:02 [INFO] data — Fetching stock data for EBAY …
2026-05-02 15:42:03 [INFO] data — Stock data saved → C:\Users\ABHI\python project ca\data\stock_data.csv (21 rows)
2026-05-02 15:42:03 [INFO] data — Merged dataset saved → C:\Users\ABHI\python project ca\data\merged_dataset.csv (21 rows)
2026-05-02 15:42:03 [INFO] features — Engineering features on 21 rows …
2026-05-02 15:42:03 [INFO] features — Feature matrix: 1 rows × 31 features
2026-05-02 15:42:03 [INFO] features — Features saved → C:\Users\ABHI\python project ca\data\features.csv
2026-05-02 15:42:03 [INFO] model — Loading best model: Random Forest
2026-05-02 15:42:09 [INFO] data — Starting news collection for BITCOIN …
2026-05-02 15:42:11 [INFO] data — Yahoo RSS — fetched 0 articles for BITCOIN
2026-05-02 15:42:14 [INFO] data — Economic Times — fetched 16 articles
2026-05-02 15:42:16 [INFO] data — Moneycontrol — fetched 25 articles
2026-05-02 15:42:16 [INFO] data — News saved → C:\Users\ABHI\python project ca\data\news_data.csv (41 rows)
2026-05-02 15:42:16 [INFO] sentiment — Computing sentiment for 41 rows …
2026-05-02 15:42:16 [INFO] sentiment — Sentiment distribution — Positive: 21 | Neutral: 7 | Negative: 13
2026-05-02 15:42:16 [INFO] data — Fetching stock data for BITCOIN …
2026-05-02 15:42:18 [WARNING] data — No stock data returned for BITCOIN
2026-05-02 15:43:12 [INFO] data — Starting news collection for BTC-USD …
2026-05-02 15:43:13 [INFO] data — Yahoo RSS — fetched 20 articles for BTC-USD
2026-05-02 15:43:17 [INFO] data — Economic Times — fetched 16 articles
2026-05-02 15:43:19 [INFO] data — Moneycontrol — fetched 25 articles
2026-05-02 15:43:19 [INFO] data — News saved → C:\Users\ABHI\python project ca\data\news_data.csv (61 rows)
2026-05-02 15:43:19 [INFO] sentiment — Computing sentiment for 61 rows …
2026-05-02 15:43:19 [INFO] sentiment — Sentiment distribution — Positive: 29 | Neutral: 14 | Negative: 18
2026-05-02 15:43:19 [INFO] data — Fetching stock data for BTC-USD …
2026-05-02 15:43:20 [INFO] data — Stock data saved → C:\Users\ABHI\python project ca\data\stock_data.csv (31 rows)
2026-05-02 15:43:20 [INFO] data — Merged dataset saved → C:\Users\ABHI\python project ca\data\merged_dataset.csv (31 rows)
2026-05-02 15:43:20 [INFO] features — Engineering features on 31 rows …
2026-05-02 15:43:20 [INFO] features — Feature matrix: 11 rows × 31 features
2026-05-02 15:43:20 [INFO] features — Features saved → C:\Users\ABHI\python project ca\data\features.csv
2026-05-02 15:43:21 [INFO] model — Loading best model: Random Forest
2026-05-02 15:46:53 [INFO] data — Starting news collection for AAPL …
2026-05-02 15:46:55 [INFO] data — Yahoo RSS — fetched 20 articles for AAPL
2026-05-02 15:46:56 [INFO] data — Economic Times — fetched 16 articles
2026-05-02 15:46:59 [INFO] data — Moneycontrol — fetched 25 articles
2026-05-02 15:46:59 [INFO] data — News saved → C:\Users\ABHI\python project ca\data\news_data.csv (61 rows)
2026-05-02 15:46:59 [INFO] sentiment — Computing sentiment for 61 rows …
2026-05-02 15:46:59 [INFO] sentiment — Sentiment distribution — Positive: 29 | Neutral: 14 | Negative: 18
2026-05-02 15:46:59 [INFO] data — Fetching stock data for AAPL …
2026-05-02 15:47:00 [INFO] data — Stock data saved → C:\Users\ABHI\python project ca\data\stock_data.csv (251 rows)
2026-05-02 15:47:00 [INFO] data — Merged dataset saved → C:\Users\ABHI\python project ca\data\merged_dataset.csv (251 rows)
2026-05-02 15:47:00 [INFO] features — Engineering features on 251 rows …
2026-05-02 15:47:00 [INFO] features — Feature matrix: 231 rows × 31 features
2026-05-02 15:47:00 [INFO] features — Features saved → C:\Users\ABHI\python project ca\data\features.csv
2026-05-02 15:47:00 [INFO] data — Fetching screener data for 21 tickers...
2026-05-02 15:48:42 [INFO] data — Starting news collection for AAPL …
2026-05-02 15:48:44 [INFO] data — Yahoo RSS — fetched 20 articles for AAPL
2026-05-02 15:48:47 [INFO] data — Economic Times — fetched 16 articles
2026-05-02 15:48:50 [INFO] data — Moneycontrol — fetched 25 articles
2026-05-02 15:48:50 [INFO] data — News saved → C:\Users\ABHI\python project ca\data\news_data.csv (61 rows)
2026-05-02 15:48:50 [INFO] sentiment — Computing sentiment for 61 rows …
2026-05-02 15:48:50 [INFO] sentiment — Sentiment distribution — Positive: 29 | Neutral: 14 | Negative: 18
2026-05-02 15:48:50 [INFO] data — Fetching stock data for AAPL …
2026-05-02 15:48:51 [INFO] data — Stock data saved → C:\Users\ABHI\python project ca\data\stock_data.csv (251 rows)
2026-05-02 15:48:51 [INFO] data — Merged dataset saved → C:\Users\ABHI\python project ca\data\merged_dataset.csv (251 rows)
2026-05-02 15:48:51 [INFO] features — Engineering features on 251 rows …
2026-05-02 15:48:51 [INFO] features — Feature matrix: 231 rows × 31 features
2026-05-02 15:48:51 [INFO] features — Features saved → C:\Users\ABHI\python project ca\data\features.csv
2026-05-02 15:48:52 [INFO] data — Fetching screener data for 21 tickers...
2026-05-02 15:49:40 [INFO] data — Fetching screener data for 21 tickers...
2026-05-02 15:51:23 [INFO] data — Starting news collection for AAPL …
2026-05-02 15:51:25 [INFO] data — Yahoo RSS — fetched 20 articles for AAPL
2026-05-02 15:51:28 [INFO] data — Economic Times — fetched 16 articles
2026-05-02 15:51:31 [INFO] data — Moneycontrol — fetched 25 articles
2026-05-02 15:51:31 [INFO] data — News saved → C:\Users\ABHI\python project ca\data\news_data.csv (61 rows)
2026-05-02 15:51:31 [INFO] sentiment — Computing sentiment for 61 rows …
2026-05-02 15:51:31 [INFO] sentiment — Sentiment distribution — Positive: 29 | Neutral: 14 | Negative: 18
2026-05-02 15:51:31 [INFO] data — Fetching stock data for AAPL …
2026-05-02 15:51:32 [INFO] data — Stock data saved → C:\Users\ABHI\python project ca\data\stock_data.csv (251 rows)
2026-05-02 15:51:32 [INFO] data — Merged dataset saved → C:\Users\ABHI\python project ca\data\merged_dataset.csv (251 rows)
2026-05-02 15:51:32 [INFO] features — Engineering features on 251 rows …
2026-05-02 15:51:32 [INFO] features — Feature matrix: 231 rows × 31 features
2026-05-02 15:51:32 [INFO] features — Features saved → C:\Users\ABHI\python project ca\data\features.csv
2026-05-02 15:51:32 [INFO] data — Fetching screener data for 21 tickers...
2026-05-02 15:51:40 [INFO] data — Fetching screener data for 21 tickers...
2026-05-02 15:52:23 [INFO] data — Starting news collection for AAPL …
2026-05-02 15:52:25 [INFO] data — Yahoo RSS — fetched 20 articles for AAPL
2026-05-02 15:52:28 [INFO] data — Economic Times — fetched 16 articles
2026-05-02 15:52:30 [INFO] data — Moneycontrol — fetched 25 articles
2026-05-02 15:52:30 [INFO] data — News saved → C:\Users\ABHI\python project ca\data\news_data.csv (61 rows)
2026-05-02 15:52:30 [INFO] sentiment — Computing sentiment for 61 rows …
2026-05-02 15:52:30 [INFO] sentiment — Sentiment distribution — Positive: 29 | Neutral: 14 | Negative: 18
2026-05-02 15:52:30 [INFO] data — Fetching stock data for AAPL …
2026-05-02 15:52:30 [INFO] data — Stock data saved → C:\Users\ABHI\python project ca\data\stock_data.csv (251 rows)
2026-05-02 15:52:30 [INFO] data — Merged dataset saved → C:\Users\ABHI\python project ca\data\merged_dataset.csv (251 rows)
2026-05-02 15:52:30 [INFO] features — Engineering features on 251 rows …
2026-05-02 15:52:30 [INFO] features — Feature matrix: 231 rows × 31 features
2026-05-02 15:52:31 [INFO] features — Features saved → C:\Users\ABHI\python project ca\data\features.csv
2026-05-02 15:52:31 [INFO] data — Fetching screener data for 21 tickers...
2026-05-02 15:55:29 [INFO] data — Starting news collection for AAPL …
2026-05-02 15:55:31 [INFO] data — Fetching screener data for 21 tickers...
2026-05-02 15:55:32 [INFO] data — Yahoo RSS — fetched 20 articles for AAPL
2026-05-02 15:55:34 [INFO] data — Starting news collection for AAPL …
2026-05-02 15:55:35 [INFO] data — Economic Times — fetched 16 articles
2026-05-02 15:55:36 [INFO] data — Yahoo RSS — fetched 20 articles for AAPL
2026-05-02 15:55:38 [INFO] data — Moneycontrol — fetched 25 articles
2026-05-02 15:55:38 [INFO] data — News saved → C:\Users\ABHI\python project ca\data\news_data.csv (61 rows)
2026-05-02 15:55:38 [INFO] sentiment — Computing sentiment for 61 rows …
2026-05-02 15:55:38 [INFO] sentiment — Sentiment distribution — Positive: 29 | Neutral: 14 | Negative: 18
2026-05-02 15:55:39 [INFO] data — Economic Times — fetched 16 articles
2026-05-02 15:55:42 [INFO] data — Moneycontrol — fetched 25 articles
2026-05-02 15:55:42 [INFO] data — News saved → C:\Users\ABHI\python project ca\data\news_data.csv (61 rows)
2026-05-02 15:55:42 [INFO] sentiment — Computing sentiment for 61 rows …
2026-05-02 15:55:42 [INFO] sentiment — Sentiment distribution — Positive: 29 | Neutral: 14 | Negative: 18
2026-05-02 15:55:42 [INFO] data — Fetching stock data for AAPL …
2026-05-02 15:55:43 [INFO] data — Stock data saved → C:\Users\ABHI\python project ca\data\stock_data.csv (251 rows)
2026-05-02 15:55:43 [INFO] data — Merged dataset saved → C:\Users\ABHI\python project ca\data\merged_dataset.csv (251 rows)
2026-05-02 15:55:43 [INFO] features — Engineering features on 251 rows …
2026-05-02 15:55:43 [INFO] features — Feature matrix: 231 rows × 31 features
2026-05-02 15:55:43 [INFO] features — Features saved → C:\Users\ABHI\python project ca\data\features.csv
2026-05-02 15:55:44 [INFO] data — Starting news collection for GOOGL …
2026-05-02 15:55:48 [INFO] data — Yahoo RSS — fetched 20 articles for GOOGL
2026-05-02 15:55:51 [INFO] data — Economic Times — fetched 16 articles
2026-05-02 15:55:54 [INFO] data — Moneycontrol — fetched 25 articles
2026-05-02 15:55:54 [INFO] data — News saved → C:\Users\ABHI\python project ca\data\news_data.csv (61 rows)
2026-05-02 15:55:54 [INFO] sentiment — Computing sentiment for 61 rows …
2026-05-02 15:55:54 [INFO] sentiment — Sentiment distribution — Positive: 31 | Neutral: 15 | Negative: 15
2026-05-02 15:55:54 [INFO] data — Fetching stock data for GOOGL …
2026-05-02 15:55:54 [INFO] data — Stock data saved → C:\Users\ABHI\python project ca\data\stock_data.csv (251 rows)
2026-05-02 15:55:54 [INFO] data — Merged dataset saved → C:\Users\ABHI\python project ca\data\merged_dataset.csv (251 rows)
2026-05-02 15:55:54 [INFO] features — Engineering features on 251 rows …
2026-05-02 15:55:54 [INFO] features — Feature matrix: 231 rows × 31 features
2026-05-02 15:55:54 [INFO] features — Features saved → C:\Users\ABHI\python project ca\data\features.csv
2026-05-02 15:56:17 [INFO] data — Starting news collection for GOOGL …
2026-05-02 15:56:20 [INFO] data — Yahoo RSS — fetched 20 articles for GOOGL
2026-05-02 15:56:22 [INFO] data — Economic Times — fetched 16 articles
2026-05-02 15:56:24 [INFO] data — Moneycontrol — fetched 25 articles
2026-05-02 15:56:24 [INFO] data — News saved → C:\Users\ABHI\python project ca\data\news_data.csv (61 rows)
2026-05-02 15:56:24 [INFO] sentiment — Computing sentiment for 61 rows …
2026-05-02 15:56:24 [INFO] sentiment — Sentiment distribution — Positive: 31 | Neutral: 15 | Negative: 15
2026-05-02 15:56:24 [INFO] data — Fetching stock data for GOOGL …
2026-05-02 15:56:25 [INFO] data — Stock data saved → C:\Users\ABHI\python project ca\data\stock_data.csv (251 rows)
2026-05-02 15:56:25 [INFO] data — Merged dataset saved → C:\Users\ABHI\python project ca\data\merged_dataset.csv (251 rows)
2026-05-02 15:56:25 [INFO] features — Engineering features on 251 rows …
2026-05-02 15:56:25 [INFO] features — Feature matrix: 231 rows × 31 features
2026-05-02 15:56:25 [INFO] features — Features saved → C:\Users\ABHI\python project ca\data\features.csv
2026-05-02 15:56:42 [INFO] data — Starting news collection for TSLA …
2026-05-02 15:56:44 [INFO] data — Yahoo RSS — fetched 20 articles for TSLA
2026-05-02 15:56:46 [INFO] data — Economic Times — fetched 16 articles
2026-05-02 15:56:49 [INFO] data — Moneycontrol — fetched 25 articles
2026-05-02 15:56:49 [INFO] data — News saved → C:\Users\ABHI\python project ca\data\news_data.csv (61 rows)
2026-05-02 15:56:49 [INFO] sentiment — Computing sentiment for 61 rows …
2026-05-02 15:56:49 [INFO] sentiment — Sentiment distribution — Positive: 29 | Neutral: 13 | Negative: 19
2026-05-02 15:56:49 [INFO] data — Fetching stock data for TSLA …
2026-05-02 15:56:50 [INFO] data — Stock data saved → C:\Users\ABHI\python project ca\data\stock_data.csv (251 rows)
2026-05-02 15:56:50 [INFO] data — Merged dataset saved → C:\Users\ABHI\python project ca\data\merged_dataset.csv (251 rows)
2026-05-02 15:56:50 [INFO] features — Engineering features on 251 rows …
2026-05-02 15:56:50 [INFO] features — Feature matrix: 231 rows × 31 features
2026-05-02 15:56:50 [INFO] features — Features saved → C:\Users\ABHI\python project ca\data\features.csv
2026-05-02 15:57:55 [INFO] model — Train size: 184 | Test size: 47
2026-05-02 15:57:55 [INFO] model — Scaler saved → C:\Users\ABHI\python project ca\models\scaler.pkl
2026-05-02 15:57:55 [INFO] model — Training Logistic Regression …
2026-05-02 15:57:55 [INFO] model — Logistic Regression saved → C:\Users\ABHI\python project ca\models\logistic_regression.pkl
2026-05-02 15:57:55 [INFO] model — Logistic Regression → Acc: 0.5957 | Prec: 0.5641 | Rec: 0.9167 | F1: 0.6984
2026-05-02 15:57:55 [INFO] model — Training Random Forest …
2026-05-02 15:57:56 [INFO] model — Top-5 features:
volume_ratio    0.065218
bb_pct          0.057062
sma_20          0.055663
volume          0.051961
rsi             0.051704
2026-05-02 15:57:56 [INFO] model — Random Forest saved → C:\Users\ABHI\python project ca\models\random_forest.pkl
2026-05-02 15:57:56 [INFO] model — Random Forest → Acc: 0.5106 | Prec: 0.5106 | Rec: 1.0000 | F1: 0.6761
2026-05-02 15:57:56 [INFO] model — Training LSTM (seq_len=10) …
2026-05-02 15:58:06 [INFO] model — LSTM saved → C:\Users\ABHI\python project ca\models\lstm_model.keras
2026-05-02 15:58:06 [INFO] model — LSTM → Acc: 0.5135 | Prec: 0.5135 | Rec: 1.0000 | F1: 0.6786
2026-05-02 15:58:06 [INFO] model — Best model: Logistic Regression (F1=0.6984)
2026-05-02 15:58:06 [INFO] model — Loading best model: Logistic Regression
2026-05-02 15:59:01 [INFO] model — Loading best model: Logistic Regression
2026-05-02 16:01:01 [INFO] data — Starting news collection for AAPL …
2026-05-02 16:01:03 [INFO] data — Yahoo RSS — fetched 20 articles for AAPL
2026-05-02 16:01:06 [INFO] data — Economic Times — fetched 16 articles
2026-05-02 16:01:10 [INFO] data — Moneycontrol — fetched 25 articles
2026-05-02 16:01:10 [INFO] data — News saved → C:\Users\ABHI\python project ca\data\news_data.csv (61 rows)
2026-05-02 16:01:10 [INFO] sentiment — Computing sentiment for 61 rows …
2026-05-02 16:01:10 [INFO] sentiment — Sentiment distribution — Positive: 29 | Neutral: 14 | Negative: 18
2026-05-02 16:01:10 [INFO] data — Fetching stock data for AAPL …
2026-05-02 16:01:11 [INFO] data — Stock data saved → C:\Users\ABHI\python project ca\data\stock_data.csv (251 rows)
2026-05-02 16:01:11 [INFO] data — Merged dataset saved → C:\Users\ABHI\python project ca\data\merged_dataset.csv (251 rows)
2026-05-02 16:01:11 [INFO] features — Engineering features on 251 rows …
2026-05-02 16:01:11 [INFO] features — Feature matrix: 231 rows × 31 features
2026-05-02 16:01:11 [INFO] features — Features saved → C:\Users\ABHI\python project ca\data\features.csv
2026-05-02 16:01:11 [INFO] data — Fetching screener data for 21 tickers...
2026-05-02 16:02:40 [INFO] data — Starting news collection for AAPL …
2026-05-02 16:02:42 [INFO] data — Yahoo RSS — fetched 20 articles for AAPL
2026-05-02 16:02:45 [INFO] data — Economic Times — fetched 16 articles
2026-05-02 16:02:47 [INFO] data — Moneycontrol — fetched 25 articles
2026-05-02 16:02:47 [INFO] data — News saved → C:\Users\ABHI\python project ca\data\news_data.csv (61 rows)
2026-05-02 16:02:47 [INFO] sentiment — Computing sentiment for 61 rows …
2026-05-02 16:02:47 [INFO] sentiment — Sentiment distribution — Positive: 29 | Neutral: 14 | Negative: 18
2026-05-02 16:02:47 [INFO] data — Fetching stock data for AAPL …
2026-05-02 16:02:48 [INFO] data — Stock data saved → C:\Users\ABHI\python project ca\data\stock_data.csv (251 rows)
2026-05-02 16:02:48 [INFO] data — Merged dataset saved → C:\Users\ABHI\python project ca\data\merged_dataset.csv (251 rows)
2026-05-02 16:02:48 [INFO] features — Engineering features on 251 rows …
2026-05-02 16:02:48 [INFO] features — Feature matrix: 231 rows × 31 features
2026-05-02 16:02:48 [INFO] features — Features saved → C:\Users\ABHI\python project ca\data\features.csv
2026-05-02 16:02:48 [INFO] data — Fetching screener data for 21 tickers...
2026-05-02 16:04:18 [INFO] data — Starting news collection for AAPL …
2026-05-02 16:04:20 [INFO] data — Yahoo RSS — fetched 20 articles for AAPL
2026-05-02 16:04:22 [INFO] data — Starting news collection for AAPL …
2026-05-02 16:04:23 [INFO] data — Economic Times — fetched 16 articles
2026-05-02 16:04:24 [INFO] data — Yahoo RSS — fetched 20 articles for AAPL
2026-05-02 16:04:25 [INFO] data — Moneycontrol — fetched 25 articles
2026-05-02 16:04:25 [INFO] data — News saved → C:\Users\ABHI\python project ca\data\news_data.csv (61 rows)
2026-05-02 16:04:25 [INFO] sentiment — Computing sentiment for 61 rows …
2026-05-02 16:04:25 [INFO] sentiment — Sentiment distribution — Positive: 29 | Neutral: 14 | Negative: 18
2026-05-02 16:04:27 [INFO] data — Economic Times — fetched 16 articles
2026-05-02 16:04:29 [INFO] data — Moneycontrol — fetched 25 articles
2026-05-02 16:04:29 [INFO] data — News saved → C:\Users\ABHI\python project ca\data\news_data.csv (61 rows)
2026-05-02 16:04:29 [INFO] sentiment — Computing sentiment for 61 rows …
2026-05-02 16:04:29 [INFO] sentiment — Sentiment distribution — Positive: 29 | Neutral: 14 | Negative: 18
2026-05-02 16:04:29 [INFO] data — Fetching stock data for AAPL …
2026-05-02 16:04:30 [INFO] data — Stock data saved → C:\Users\ABHI\python project ca\data\stock_data.csv (251 rows)
2026-05-02 16:04:30 [INFO] data — Merged dataset saved → C:\Users\ABHI\python project ca\data\merged_dataset.csv (251 rows)
2026-05-02 16:04:30 [INFO] features — Engineering features on 251 rows …
2026-05-02 16:04:30 [INFO] features — Feature matrix: 231 rows × 31 features
2026-05-02 16:04:30 [INFO] features — Features saved → C:\Users\ABHI\python project ca\data\features.csv
2026-05-02 16:04:30 [INFO] data — Fetching screener data for 21 tickers...
2026-05-02 16:06:41 [INFO] data — Starting news collection for AAPL …
2026-05-02 16:06:43 [INFO] data — Yahoo RSS — fetched 20 articles for AAPL
2026-05-02 16:06:46 [INFO] data — Economic Times — fetched 16 articles
2026-05-02 16:06:47 [INFO] data — Starting news collection for AAPL …
2026-05-02 16:06:48 [INFO] data — Moneycontrol — fetched 25 articles
2026-05-02 16:06:48 [INFO] data — News saved → C:\Users\ABHI\python project ca\data\news_data.csv (61 rows)
2026-05-02 16:06:48 [INFO] sentiment — Computing sentiment for 61 rows …
2026-05-02 16:06:48 [INFO] sentiment — Sentiment distribution — Positive: 29 | Neutral: 14 | Negative: 18
2026-05-02 16:06:49 [INFO] data — Yahoo RSS — fetched 20 articles for AAPL
2026-05-02 16:06:51 [INFO] data — Economic Times — fetched 16 articles
2026-05-02 16:06:54 [INFO] data — Starting news collection for AAPL …
2026-05-02 16:06:55 [INFO] data — Moneycontrol — fetched 25 articles
2026-05-02 16:06:55 [INFO] data — News saved → C:\Users\ABHI\python project ca\data\news_data.csv (61 rows)
2026-05-02 16:06:55 [INFO] sentiment — Computing sentiment for 61 rows …
2026-05-02 16:06:55 [INFO] sentiment — Sentiment distribution — Positive: 29 | Neutral: 14 | Negative: 18
2026-05-02 16:06:58 [INFO] data — Yahoo RSS — fetched 20 articles for AAPL
2026-05-02 16:07:02 [INFO] data — Starting news collection for AAPL …
2026-05-02 16:07:02 [INFO] data — Economic Times — fetched 16 articles
2026-05-02 16:07:03 [INFO] data — Yahoo RSS — fetched 20 articles for AAPL
2026-05-02 16:07:04 [INFO] data — Starting news collection for AAPL …
2026-05-02 16:07:05 [INFO] data — Moneycontrol — fetched 25 articles
2026-05-02 16:07:05 [INFO] data — News saved → C:\Users\ABHI\python project ca\data\news_data.csv (61 rows)
2026-05-02 16:07:05 [INFO] sentiment — Computing sentiment for 61 rows …
2026-05-02 16:07:05 [INFO] sentiment — Sentiment distribution — Positive: 29 | Neutral: 14 | Negative: 18
2026-05-02 16:07:06 [INFO] data — Economic Times — fetched 16 articles
2026-05-02 16:07:07 [INFO] data — Yahoo RSS — fetched 20 articles for AAPL
2026-05-02 16:07:07 [INFO] data — Moneycontrol — fetched 25 articles
2026-05-02 16:07:08 [INFO] data — News saved → C:\Users\ABHI\python project ca\data\news_data.csv (61 rows)
2026-05-02 16:07:08 [INFO] sentiment — Computing sentiment for 61 rows …
2026-05-02 16:07:08 [INFO] sentiment — Sentiment distribution — Positive: 29 | Neutral: 14 | Negative: 18
2026-05-02 16:07:09 [INFO] data — Economic Times — fetched 16 articles
2026-05-02 16:07:11 [INFO] data — Moneycontrol — fetched 25 articles
2026-05-02 16:07:11 [INFO] data — News saved → C:\Users\ABHI\python project ca\data\news_data.csv (61 rows)
2026-05-02 16:07:11 [INFO] sentiment — Computing sentiment for 61 rows …
2026-05-02 16:07:12 [INFO] sentiment — Sentiment distribution — Positive: 29 | Neutral: 14 | Negative: 18
2026-05-02 16:07:12 [INFO] data — Fetching stock data for AAPL …
2026-05-02 16:07:13 [INFO] data — Stock data saved → C:\Users\ABHI\python project ca\data\stock_data.csv (251 rows)
2026-05-02 16:07:13 [INFO] data — Merged dataset saved → C:\Users\ABHI\python project ca\data\merged_dataset.csv (251 rows)
2026-05-02 16:07:13 [INFO] features — Engineering features on 251 rows …
2026-05-02 16:07:13 [INFO] features — Feature matrix: 231 rows × 31 features
2026-05-02 16:07:13 [INFO] features — Features saved → C:\Users\ABHI\python project ca\data\features.csv
2026-05-02 16:07:13 [INFO] data — Fetching screener data for 21 tickers...
2026-05-02 16:09:31 [INFO] data — Starting news collection for AAPL …
2026-05-02 16:09:34 [INFO] data — Yahoo RSS — fetched 20 articles for AAPL
2026-05-02 16:09:34 [INFO] data — Starting news collection for AAPL …
2026-05-02 16:09:36 [INFO] data — Yahoo RSS — fetched 20 articles for AAPL
2026-05-02 16:09:37 [INFO] data — Economic Times — fetched 16 articles
2026-05-02 16:09:38 [INFO] data — Economic Times — fetched 16 articles
2026-05-02 16:09:41 [INFO] data — Starting news collection for AAPL …
2026-05-02 16:09:41 [INFO] data — Moneycontrol — fetched 25 articles
2026-05-02 16:09:41 [INFO] data — News saved → C:\Users\ABHI\python project ca\data\news_data.csv (61 rows)
2026-05-02 16:09:41 [INFO] sentiment — Computing sentiment for 61 rows …
2026-05-02 16:09:41 [INFO] sentiment — Sentiment distribution — Positive: 29 | Neutral: 14 | Negative: 18
2026-05-02 16:09:42 [INFO] data — Moneycontrol — fetched 25 articles
2026-05-02 16:09:42 [INFO] data — Starting news collection for AAPL …
2026-05-02 16:09:42 [INFO] data — News saved → C:\Users\ABHI\python project ca\data\news_data.csv (61 rows)
2026-05-02 16:09:42 [INFO] sentiment — Computing sentiment for 61 rows …
2026-05-02 16:09:42 [INFO] sentiment — Sentiment distribution — Positive: 29 | Neutral: 14 | Negative: 18
2026-05-02 16:09:43 [INFO] data — Yahoo RSS — fetched 20 articles for AAPL
2026-05-02 16:09:45 [INFO] data — Yahoo RSS — fetched 20 articles for AAPL
2026-05-02 16:09:46 [INFO] data — Economic Times — fetched 16 articles
2026-05-02 16:09:47 [INFO] data — Economic Times — fetched 16 articles
2026-05-02 16:09:49 [INFO] data — Moneycontrol — fetched 25 articles
2026-05-02 16:09:49 [INFO] data — News saved → C:\Users\ABHI\python project ca\data\news_data.csv (61 rows)
2026-05-02 16:09:49 [INFO] sentiment — Computing sentiment for 61 rows …
2026-05-02 16:09:49 [INFO] sentiment — Sentiment distribution — Positive: 29 | Neutral: 14 | Negative: 18
2026-05-02 16:09:49 [INFO] data — Fetching stock data for AAPL …
2026-05-02 16:09:50 [INFO] data — Stock data saved → C:\Users\ABHI\python project ca\data\stock_data.csv (251 rows)
2026-05-02 16:09:50 [INFO] data — Merged dataset saved → C:\Users\ABHI\python project ca\data\merged_dataset.csv (251 rows)
2026-05-02 16:09:50 [INFO] features — Engineering features on 251 rows …
2026-05-02 16:09:50 [INFO] features — Feature matrix: 231 rows × 31 features
2026-05-02 16:09:50 [INFO] features — Features saved → C:\Users\ABHI\python project ca\data\features.csv
2026-05-02 16:09:50 [INFO] data — Fetching screener data for 21 tickers...
2026-05-02 16:09:51 [INFO] data — Moneycontrol — fetched 25 articles
2026-05-02 16:09:51 [INFO] data — News saved → C:\Users\ABHI\python project ca\data\news_data.csv (61 rows)
2026-05-02 16:09:51 [INFO] sentiment — Computing sentiment for 61 rows …
2026-05-02 16:09:51 [INFO] sentiment — Sentiment distribution — Positive: 29 | Neutral: 14 | Negative: 18
2026-05-02 16:13:17 [INFO] data — Starting news collection for AAPL …
2026-05-02 16:13:20 [INFO] data — Yahoo RSS — fetched 20 articles for AAPL
2026-05-02 16:13:23 [INFO] data — Economic Times — fetched 16 articles
2026-05-02 16:13:26 [INFO] data — Moneycontrol — fetched 25 articles
2026-05-02 16:13:26 [INFO] data — NewsAPI key found — fetching advanced real-time news for AAPL...
2026-05-02 16:13:27 [INFO] data — NewsAPI — fetched 30 articles
2026-05-02 16:13:28 [INFO] data — News saved → C:\Users\ABHI\python project ca\data\news_data.csv (91 rows)
2026-05-02 16:13:28 [INFO] data — Fetching stock data for AAPL …
2026-05-02 16:13:30 [INFO] data — Stock data saved → C:\Users\ABHI\python project ca\data\stock_data.csv (251 rows)
2026-05-02 16:13:30 [INFO] data — Merged dataset saved → C:\Users\ABHI\python project ca\data\merged_dataset.csv (251 rows)
2026-05-02 16:15:23 [INFO] data — Starting news collection for AAPL …
2026-05-02 16:15:26 [INFO] data — Yahoo RSS — fetched 20 articles for AAPL
2026-05-02 16:15:29 [INFO] data — Economic Times — fetched 16 articles
2026-05-02 16:15:31 [INFO] data — Moneycontrol — fetched 25 articles
2026-05-02 16:15:31 [INFO] data — NewsAPI key found — fetching advanced real-time news for AAPL...
2026-05-02 16:15:32 [INFO] data — NewsAPI — fetched 30 articles
2026-05-02 16:15:32 [INFO] data — News saved → C:\Users\ABHI\python project ca\data\news_data.csv (91 rows)
2026-05-02 16:15:32 [INFO] sentiment — Computing sentiment for 91 rows …
2026-05-02 16:15:32 [INFO] sentiment — Sentiment distribution — Positive: 45 | Neutral: 27 | Negative: 19
2026-05-02 16:15:32 [INFO] data — Fetching stock data for AAPL …
2026-05-02 16:15:33 [INFO] data — Starting news collection for AAPL …
2026-05-02 16:15:33 [INFO] data — Stock data saved → C:\Users\ABHI\python project ca\data\stock_data.csv (251 rows)
2026-05-02 16:15:35 [INFO] data — Yahoo RSS — fetched 20 articles for AAPL
2026-05-02 16:15:38 [INFO] data — Economic Times — fetched 16 articles
2026-05-02 16:15:40 [INFO] data — Moneycontrol — fetched 25 articles
2026-05-02 16:15:40 [INFO] data — NewsAPI key found — fetching advanced real-time news for AAPL...
2026-05-02 16:15:41 [INFO] data — NewsAPI — fetched 30 articles
2026-05-02 16:15:41 [INFO] data — News saved → C:\Users\ABHI\python project ca\data\news_data.csv (91 rows)
2026-05-02 16:15:41 [INFO] sentiment — Computing sentiment for 91 rows …
2026-05-02 16:15:41 [INFO] sentiment — Sentiment distribution — Positive: 45 | Neutral: 27 | Negative: 19
2026-05-02 16:15:41 [INFO] data — Fetching stock data for AAPL …
2026-05-02 16:15:42 [INFO] data — Stock data saved → C:\Users\ABHI\python project ca\data\stock_data.csv (251 rows)
2026-05-02 16:15:42 [INFO] data — Merged dataset saved → C:\Users\ABHI\python project ca\data\merged_dataset.csv (251 rows)
2026-05-02 16:15:42 [INFO] features — Engineering features on 251 rows …
2026-05-02 16:15:42 [INFO] features — Feature matrix: 231 rows × 31 features
2026-05-02 16:15:42 [INFO] features — Features saved → C:\Users\ABHI\python project ca\data\features.csv
2026-05-02 16:15:42 [INFO] data — Fetching screener data for 21 tickers...
2026-05-02 16:16:03 [INFO] model — Train size: 184 | Test size: 47
2026-05-02 16:16:03 [INFO] model — Scaler saved → C:\Users\ABHI\python project ca\models\scaler.pkl
2026-05-02 16:16:03 [INFO] model — Training Logistic Regression …
2026-05-02 16:16:03 [INFO] model — Logistic Regression saved → C:\Users\ABHI\python project ca\models\logistic_regression.pkl
2026-05-02 16:16:03 [INFO] model — Logistic Regression → Acc: 0.4681 | Prec: 0.4828 | Rec: 0.5833 | F1: 0.5283
2026-05-02 16:16:03 [INFO] model — Training Random Forest …
2026-05-02 16:16:04 [INFO] model — Top-5 features:
macd_hist        0.076482
volatility       0.073509
macd             0.064805
volume_change    0.060302
volume_ratio     0.056062
2026-05-02 16:16:04 [INFO] model — Random Forest saved → C:\Users\ABHI\python project ca\models\random_forest.pkl
2026-05-02 16:16:04 [INFO] model — Random Forest → Acc: 0.5319 | Prec: 0.5217 | Rec: 1.0000 | F1: 0.6857
2026-05-02 16:16:04 [INFO] model — Training LSTM (seq_len=10) …
2026-05-02 16:16:09 [INFO] model — LSTM saved → C:\Users\ABHI\python project ca\models\lstm_model.keras
2026-05-02 16:16:09 [INFO] model — LSTM → Acc: 0.5405 | Prec: 0.5405 | Rec: 1.0000 | F1: 0.7018
2026-05-02 16:16:09 [INFO] model — Best model: LSTM (F1=0.7018)
2026-05-02 16:16:10 [INFO] model — Loading best model: LSTM
2026-05-02 16:38:49 [INFO] data — Starting news collection for AAPL …
2026-05-02 16:38:51 [INFO] data — Yahoo RSS — fetched 20 articles for AAPL
2026-05-02 16:38:54 [INFO] data — Economic Times — fetched 16 articles
2026-05-02 16:38:57 [INFO] data — Moneycontrol — fetched 25 articles
2026-05-02 16:38:57 [INFO] data — NewsAPI key found — fetching advanced real-time news for AAPL...
2026-05-02 16:38:57 [INFO] data — Starting news collection for AAPL …
2026-05-02 16:38:58 [INFO] data — NewsAPI — fetched 30 articles
2026-05-02 16:38:58 [INFO] data — News saved → C:\Users\ABHI\python project ca\data\news_data.csv (91 rows)
2026-05-02 16:38:58 [INFO] sentiment — Computing sentiment for 91 rows …
2026-05-02 16:38:58 [INFO] sentiment — Sentiment distribution — Positive: 45 | Neutral: 27 | Negative: 19
2026-05-02 16:38:59 [INFO] data — Starting news collection for AAPL …
2026-05-02 16:39:00 [INFO] data — Yahoo RSS — fetched 20 articles for AAPL
2026-05-02 16:39:01 [INFO] data — Yahoo RSS — fetched 20 articles for AAPL
2026-05-02 16:39:02 [INFO] data — Economic Times — fetched 16 articles
2026-05-02 16:39:03 [INFO] data — Economic Times — fetched 16 articles
2026-05-02 16:39:04 [INFO] data — Moneycontrol — fetched 25 articles
2026-05-02 16:39:04 [INFO] data — NewsAPI key found — fetching advanced real-time news for AAPL...
2026-05-02 16:39:04 [INFO] data — NewsAPI — fetched 30 articles
2026-05-02 16:39:04 [INFO] data — News saved → C:\Users\ABHI\python project ca\data\news_data.csv (91 rows)
2026-05-02 16:39:04 [INFO] sentiment — Computing sentiment for 91 rows …
2026-05-02 16:39:04 [INFO] sentiment — Sentiment distribution — Positive: 45 | Neutral: 27 | Negative: 19
2026-05-02 16:39:05 [INFO] data — Moneycontrol — fetched 25 articles
2026-05-02 16:39:05 [INFO] data — NewsAPI key found — fetching advanced real-time news for AAPL...
2026-05-02 16:39:06 [INFO] data — NewsAPI — fetched 30 articles
2026-05-02 16:39:06 [INFO] data — News saved → C:\Users\ABHI\python project ca\data\news_data.csv (91 rows)
2026-05-02 16:39:06 [INFO] sentiment — Computing sentiment for 91 rows …
2026-05-02 16:39:06 [INFO] sentiment — Sentiment distribution — Positive: 45 | Neutral: 27 | Negative: 19
2026-05-02 16:39:06 [INFO] data — Fetching stock data for AAPL …
2026-05-02 16:39:07 [INFO] data — Stock data saved → C:\Users\ABHI\python project ca\data\stock_data.csv (251 rows)
2026-05-02 16:39:07 [INFO] data — Merged dataset saved → C:\Users\ABHI\python project ca\data\merged_dataset.csv (251 rows)
2026-05-02 16:39:07 [INFO] features — Engineering features on 251 rows …
2026-05-02 16:39:07 [INFO] features — Feature matrix: 231 rows × 31 features
2026-05-02 16:39:07 [INFO] features — Features saved → C:\Users\ABHI\python project ca\data\features.csv
2026-05-02 16:39:07 [INFO] data — Fetching screener data for 21 tickers...
2026-05-02 16:40:39 [INFO] data — Starting news collection for AAPL …
2026-05-02 16:40:42 [INFO] data — Yahoo RSS — fetched 20 articles for AAPL
2026-05-02 16:40:44 [INFO] data — Economic Times — fetched 16 articles
2026-05-02 16:40:47 [INFO] data — Moneycontrol — fetched 25 articles
2026-05-02 16:40:47 [INFO] data — NewsAPI key found — fetching advanced real-time news for AAPL...
2026-05-02 16:40:47 [INFO] data — NewsAPI — fetched 30 articles
2026-05-02 16:40:47 [INFO] data — News saved → C:\Users\ABHI\python project ca\data\news_data.csv (91 rows)
2026-05-02 16:40:47 [INFO] sentiment — Computing sentiment for 91 rows …
2026-05-02 16:40:47 [INFO] sentiment — Sentiment distribution — Positive: 45 | Neutral: 27 | Negative: 19
2026-05-02 16:40:47 [INFO] data — Fetching stock data for AAPL …
2026-05-02 16:40:48 [INFO] data — Stock data saved → C:\Users\ABHI\python project ca\data\stock_data.csv (251 rows)
2026-05-02 16:40:48 [INFO] data — Merged dataset saved → C:\Users\ABHI\python project ca\data\merged_dataset.csv (251 rows)
2026-05-02 16:40:48 [INFO] features — Engineering features on 251 rows …
2026-05-02 16:40:48 [INFO] features — Feature matrix: 231 rows × 31 features
2026-05-02 16:40:48 [INFO] features — Features saved → C:\Users\ABHI\python project ca\data\features.csv
2026-05-02 16:40:48 [INFO] data — Fetching screener data for 21 tickers...
2026-05-02 16:40:55 [INFO] model — Train size: 184 | Test size: 47
2026-05-02 16:40:55 [INFO] model — Scaler saved → C:\Users\ABHI\python project ca\models\scaler.pkl
2026-05-02 16:40:55 [INFO] model — Training Logistic Regression …
2026-05-02 16:40:55 [INFO] model — Logistic Regression saved → C:\Users\ABHI\python project ca\models\logistic_regression.pkl
2026-05-02 16:40:55 [INFO] model — Logistic Regression → Acc: 0.4681 | Prec: 0.4828 | Rec: 0.5833 | F1: 0.5283
2026-05-02 16:40:55 [INFO] model — Training Random Forest …
2026-05-02 16:40:55 [INFO] model — Top-5 features:
macd_hist        0.076482
volatility       0.073509
macd             0.064805
volume_change    0.060302
volume_ratio     0.056062
2026-05-02 16:40:55 [INFO] model — Random Forest saved → C:\Users\ABHI\python project ca\models\random_forest.pkl
2026-05-02 16:40:55 [INFO] model — Random Forest → Acc: 0.5319 | Prec: 0.5217 | Rec: 1.0000 | F1: 0.6857
2026-05-02 16:40:55 [INFO] model — Training LSTM (seq_len=10) …
2026-05-02 16:41:02 [INFO] model — LSTM saved → C:\Users\ABHI\python project ca\models\lstm_model.keras
2026-05-02 16:41:02 [INFO] model — LSTM → Acc: 0.4865 | Prec: 0.5200 | Rec: 0.6500 | F1: 0.5778
2026-05-02 16:41:02 [INFO] model — Best model: Random Forest (F1=0.6857)
2026-05-02 16:41:02 [INFO] model — Loading best model: Random Forest
2026-05-02 16:45:24 [INFO] data — Starting news collection for AAPL …
2026-05-02 16:45:26 [INFO] data — Yahoo RSS — fetched 20 articles for AAPL
2026-05-02 16:45:28 [INFO] data — Economic Times — fetched 16 articles
2026-05-02 16:45:31 [INFO] data — Moneycontrol — fetched 25 articles
2026-05-02 16:45:31 [INFO] data — NewsAPI key found — fetching advanced real-time news for AAPL...
2026-05-02 16:45:32 [INFO] data — NewsAPI — fetched 30 articles
2026-05-02 16:45:32 [INFO] data — News saved → C:\Users\ABHI\python project ca\data\news_data.csv (91 rows)
2026-05-02 16:45:32 [INFO] sentiment — Computing sentiment for 91 rows …
2026-05-02 16:45:32 [INFO] sentiment — Sentiment distribution — Positive: 46 | Neutral: 26 | Negative: 19
2026-05-02 16:45:32 [INFO] data — Fetching stock data for AAPL …
2026-05-02 16:45:33 [INFO] data — Stock data saved → C:\Users\ABHI\python project ca\data\stock_data.csv (251 rows)
2026-05-02 16:45:33 [INFO] data — Merged dataset saved → C:\Users\ABHI\python project ca\data\merged_dataset.csv (251 rows)
2026-05-02 16:45:33 [INFO] features — Engineering features on 251 rows …
2026-05-02 16:45:33 [INFO] features — Feature matrix: 231 rows × 31 features
2026-05-02 16:45:33 [INFO] features — Features saved → C:\Users\ABHI\python project ca\data\features.csv
2026-05-02 16:45:34 [INFO] data — Fetching screener data for 21 tickers...
2026-05-02 16:51:49 [INFO] data — Starting news collection for AAPL …
2026-05-02 16:51:51 [INFO] data — Yahoo RSS — fetched 20 articles for AAPL
2026-05-02 16:51:54 [INFO] data — Economic Times — fetched 16 articles
2026-05-02 16:51:56 [INFO] data — Moneycontrol — fetched 25 articles
2026-05-02 16:51:56 [INFO] data — NewsAPI key found — fetching advanced real-time news for AAPL...
2026-05-02 16:51:57 [INFO] data — NewsAPI — fetched 30 articles
2026-05-02 16:51:57 [INFO] data — News saved → C:\Users\ABHI\python project ca\data\news_data.csv (91 rows)
2026-05-02 16:51:57 [INFO] sentiment — Computing sentiment for 91 rows …
2026-05-02 16:51:57 [INFO] sentiment — Sentiment distribution — Positive: 46 | Neutral: 26 | Negative: 19
2026-05-02 16:51:57 [INFO] data — Fetching stock data for AAPL …
2026-05-02 16:51:59 [INFO] data — Stock data saved → C:\Users\ABHI\python project ca\data\stock_data.csv (251 rows)
2026-05-02 16:51:59 [INFO] data — Merged dataset saved → C:\Users\ABHI\python project ca\data\merged_dataset.csv (251 rows)
2026-05-02 16:51:59 [INFO] features — Engineering features on 251 rows …
2026-05-02 16:51:59 [INFO] features — Feature matrix: 231 rows × 31 features
2026-05-02 16:51:59 [INFO] features — Features saved → C:\Users\ABHI\python project ca\data\features.csv
2026-05-02 16:51:59 [INFO] data — Fetching screener data for 21 tickers...
2026-05-02 16:52:20 [INFO] model — Train size: 184 | Test size: 47
2026-05-02 16:52:20 [INFO] model — Scaler saved → C:\Users\ABHI\python project ca\models\scaler.pkl
2026-05-02 16:52:20 [INFO] model — Training Logistic Regression …
2026-05-02 16:52:20 [INFO] model — Logistic Regression saved → C:\Users\ABHI\python project ca\models\logistic_regression.pkl
2026-05-02 16:52:20 [INFO] model — Logistic Regression → Acc: 0.4681 | Prec: 0.4828 | Rec: 0.5833 | F1: 0.5283
2026-05-02 16:52:20 [INFO] model — Training Random Forest …
2026-05-02 16:52:20 [INFO] model — Top-5 features:
macd_hist        0.076482
volatility       0.073509
macd             0.064805
volume_change    0.060302
volume_ratio     0.056062
2026-05-02 16:52:20 [INFO] model — Random Forest saved → C:\Users\ABHI\python project ca\models\random_forest.pkl
2026-05-02 16:52:20 [INFO] model — Random Forest → Acc: 0.5319 | Prec: 0.5217 | Rec: 1.0000 | F1: 0.6857
2026-05-02 16:52:20 [INFO] model — Training LSTM (seq_len=10) …
2026-05-02 16:52:26 [INFO] model — LSTM saved → C:\Users\ABHI\python project ca\models\lstm_model.keras
2026-05-02 16:52:26 [INFO] model — LSTM → Acc: 0.5135 | Prec: 0.5455 | Rec: 0.6000 | F1: 0.5714
2026-05-02 16:52:26 [INFO] model — Best model: Random Forest (F1=0.6857)
2026-05-02 16:52:27 [INFO] model — Loading best model: Random Forest
2026-05-02 16:53:30 [INFO] model — Loading best model: Random Forest
2026-05-02 16:53:45 [INFO] model — Loading best model: Random Forest
2026-05-02 16:53:55 [INFO] data — Starting news collection for JPM …
2026-05-02 16:53:57 [INFO] data — Yahoo RSS — fetched 20 articles for JPM
2026-05-02 16:53:59 [INFO] data — Economic Times — fetched 16 articles
2026-05-02 16:54:01 [INFO] data — Moneycontrol — fetched 25 articles
2026-05-02 16:54:01 [INFO] data — NewsAPI key found — fetching advanced real-time news for JPM...
2026-05-02 16:54:02 [INFO] data — NewsAPI — fetched 30 articles
2026-05-02 16:54:02 [INFO] data — News saved → C:\Users\ABHI\python project ca\data\news_data.csv (90 rows)
2026-05-02 16:54:02 [INFO] sentiment — Computing sentiment for 90 rows …
2026-05-02 16:54:02 [INFO] sentiment — Sentiment distribution — Positive: 39 | Neutral: 21 | Negative: 30
2026-05-02 16:54:02 [INFO] data — Fetching stock data for JPM …
2026-05-02 16:54:03 [INFO] data — Stock data saved → C:\Users\ABHI\python project ca\data\stock_data.csv (251 rows)
2026-05-02 16:54:03 [INFO] data — Merged dataset saved → C:\Users\ABHI\python project ca\data\merged_dataset.csv (251 rows)
2026-05-02 16:54:03 [INFO] features — Engineering features on 251 rows …
2026-05-02 16:54:03 [INFO] features — Feature matrix: 231 rows × 31 features
2026-05-02 16:54:03 [INFO] features — Features saved → C:\Users\ABHI\python project ca\data\features.csv
2026-05-02 16:54:03 [INFO] model — Loading best model: Random Forest
2026-05-02 16:54:54 [INFO] model — Loading best model: Random Forest
2026-05-02 16:57:52 [INFO] model — Loading best model: Random Forest
2026-05-02 16:57:52 [INFO] data — Fetching screener data for 21 tickers...
2026-05-02 16:57:55 [INFO] model — Loading best model: Random Forest
2026-05-02 16:58:28 [INFO] data — Starting news collection for AAPL …
2026-05-02 16:58:30 [INFO] data — Yahoo RSS — fetched 20 articles for AAPL
2026-05-02 16:58:32 [INFO] data — Economic Times — fetched 16 articles
2026-05-02 16:58:33 [INFO] data — Starting news collection for AAPL …
2026-05-02 16:58:34 [INFO] data — Moneycontrol — fetched 25 articles
2026-05-02 16:58:34 [INFO] data — NewsAPI key found — fetching advanced real-time news for AAPL...
2026-05-02 16:58:35 [INFO] data — NewsAPI — fetched 30 articles
2026-05-02 16:58:35 [INFO] data — News saved → C:\Users\ABHI\python project ca\data\news_data.csv (91 rows)
2026-05-02 16:58:35 [INFO] sentiment — Computing sentiment for 91 rows …
2026-05-02 16:58:35 [INFO] sentiment — Sentiment distribution — Positive: 46 | Neutral: 26 | Negative: 19
2026-05-02 16:58:36 [INFO] data — Yahoo RSS — fetched 20 articles for AAPL
2026-05-02 16:58:38 [INFO] data — Economic Times — fetched 16 articles
2026-05-02 16:58:39 [INFO] data — Starting news collection for AAPL …
2026-05-02 16:58:40 [INFO] data — Moneycontrol — fetched 25 articles
2026-05-02 16:58:40 [INFO] data — NewsAPI key found — fetching advanced real-time news for AAPL...
2026-05-02 16:58:41 [INFO] data — NewsAPI — fetched 30 articles
2026-05-02 16:58:41 [INFO] data — News saved → C:\Users\ABHI\python project ca\data\news_data.csv (91 rows)
2026-05-02 16:58:41 [INFO] sentiment — Computing sentiment for 91 rows …
2026-05-02 16:58:41 [INFO] sentiment — Sentiment distribution — Positive: 46 | Neutral: 26 | Negative: 19
2026-05-02 16:58:41 [INFO] data — Yahoo RSS — fetched 20 articles for AAPL
2026-05-02 16:58:41 [INFO] data — Starting news collection for AAPL …
2026-05-02 16:58:44 [INFO] data — Economic Times — fetched 16 articles
2026-05-02 16:58:44 [INFO] data — Yahoo RSS — fetched 20 articles for AAPL
2026-05-02 16:58:46 [INFO] data — Moneycontrol — fetched 25 articles
2026-05-02 16:58:46 [INFO] data — NewsAPI key found — fetching advanced real-time news for AAPL...
2026-05-02 16:58:46 [INFO] data — Economic Times — fetched 16 articles
2026-05-02 16:58:46 [INFO] data — NewsAPI — fetched 30 articles
2026-05-02 16:58:46 [INFO] data — News saved → C:\Users\ABHI\python project ca\data\news_data.csv (91 rows)
2026-05-02 16:58:46 [INFO] sentiment — Computing sentiment for 91 rows …
2026-05-02 16:58:47 [INFO] sentiment — Sentiment distribution — Positive: 46 | Neutral: 26 | Negative: 19
2026-05-02 16:58:48 [INFO] data — Moneycontrol — fetched 25 articles
2026-05-02 16:58:48 [INFO] data — NewsAPI key found — fetching advanced real-time news for AAPL...
2026-05-02 16:58:49 [INFO] data — NewsAPI — fetched 30 articles
2026-05-02 16:58:49 [INFO] data — News saved → C:\Users\ABHI\python project ca\data\news_data.csv (91 rows)
2026-05-02 16:58:49 [INFO] sentiment — Computing sentiment for 91 rows …
2026-05-02 16:58:49 [INFO] sentiment — Sentiment distribution — Positive: 46 | Neutral: 26 | Negative: 19
2026-05-02 16:58:49 [INFO] data — Fetching stock data for AAPL …
2026-05-02 16:58:50 [INFO] data — Stock data saved → C:\Users\ABHI\python project ca\data\stock_data.csv (21 rows)
2026-05-02 16:58:50 [INFO] data — Merged dataset saved → C:\Users\ABHI\python project ca\data\merged_dataset.csv (21 rows)
2026-05-02 16:58:50 [INFO] features — Engineering features on 21 rows …
2026-05-02 16:58:50 [INFO] features — Feature matrix: 1 rows × 31 features
2026-05-02 16:58:50 [INFO] features — Features saved → C:\Users\ABHI\python project ca\data\features.csv
2026-05-02 16:58:50 [INFO] data — Fetching screener data for 21 tickers...
2026-05-02 17:00:23 [INFO] data — Starting news collection for AAPL …
2026-05-02 17:00:26 [INFO] data — Yahoo RSS — fetched 20 articles for AAPL
2026-05-02 17:00:28 [INFO] data — Economic Times — fetched 16 articles
2026-05-02 17:00:30 [INFO] data — Moneycontrol — fetched 25 articles
2026-05-02 17:00:30 [INFO] data — NewsAPI key found — fetching advanced real-time news for AAPL...
2026-05-02 17:00:31 [INFO] data — NewsAPI — fetched 30 articles
2026-05-02 17:00:31 [INFO] data — News saved → C:\Users\ABHI\python project ca\data\news_data.csv (91 rows)
2026-05-02 17:00:31 [INFO] sentiment — Computing sentiment for 91 rows …
2026-05-02 17:00:31 [INFO] sentiment — Sentiment distribution — Positive: 46 | Neutral: 26 | Negative: 19
2026-05-02 17:00:31 [INFO] data — Fetching stock data for AAPL …
2026-05-02 17:00:32 [INFO] data — Stock data saved → C:\Users\ABHI\python project ca\data\stock_data.csv (251 rows)
2026-05-02 17:00:32 [INFO] data — Merged dataset saved → C:\Users\ABHI\python project ca\data\merged_dataset.csv (251 rows)
2026-05-02 17:00:32 [INFO] features — Engineering features on 251 rows …
2026-05-02 17:00:32 [INFO] features — Feature matrix: 231 rows × 31 features
2026-05-02 17:00:33 [INFO] features — Features saved → C:\Users\ABHI\python project ca\data\features.csv
2026-05-02 17:00:33 [INFO] data — Fetching screener data for 21 tickers...
2026-05-02 17:02:42 [INFO] data — Starting news collection for AAPL …
2026-05-02 17:02:45 [INFO] data — Yahoo RSS — fetched 20 articles for AAPL
2026-05-02 17:02:48 [INFO] data — Economic Times — fetched 16 articles
2026-05-02 17:02:50 [INFO] data — Moneycontrol — fetched 25 articles
2026-05-02 17:02:50 [INFO] data — NewsAPI key found — fetching advanced real-time news for AAPL...
2026-05-02 17:02:51 [INFO] data — NewsAPI — fetched 30 articles
2026-05-02 17:02:51 [INFO] data — News saved → C:\Users\ABHI\python project ca\data\news_data.csv (91 rows)
2026-05-02 17:02:51 [INFO] sentiment — Computing sentiment for 91 rows …
2026-05-02 17:02:51 [INFO] sentiment — Sentiment distribution — Positive: 46 | Neutral: 26 | Negative: 19
2026-05-02 17:02:51 [INFO] data — Fetching stock data for AAPL …
2026-05-02 17:02:52 [INFO] data — Stock data saved → C:\Users\ABHI\python project ca\data\stock_data.csv (251 rows)
2026-05-02 17:02:52 [INFO] data — Merged dataset saved → C:\Users\ABHI\python project ca\data\merged_dataset.csv (251 rows)
2026-05-02 17:02:52 [INFO] features — Engineering features on 251 rows …
2026-05-02 17:02:52 [INFO] features — Feature matrix: 231 rows × 31 features
2026-05-02 17:02:52 [INFO] features — Features saved → C:\Users\ABHI\python project ca\data\features.csv
2026-05-02 17:04:34 [INFO] model — Train size: 184 | Test size: 47
2026-05-02 17:04:34 [INFO] model — Scaler saved → C:\Users\ABHI\python project ca\models\scaler.pkl
2026-05-02 17:04:34 [INFO] model — Training Logistic Regression …
2026-05-02 17:04:34 [INFO] model — Logistic Regression saved → C:\Users\ABHI\python project ca\models\logistic_regression.pkl
2026-05-02 17:04:34 [INFO] model — Logistic Regression → Acc: 0.4681 | Prec: 0.4828 | Rec: 0.5833 | F1: 0.5283
2026-05-02 17:04:34 [INFO] model — Training Random Forest …
2026-05-02 17:04:34 [INFO] model — Top-5 features:
macd_hist        0.076482
volatility       0.073509
macd             0.064805
volume_change    0.060302
volume_ratio     0.056062
2026-05-02 17:04:34 [INFO] model — Random Forest saved → C:\Users\ABHI\python project ca\models\random_forest.pkl
2026-05-02 17:04:34 [INFO] model — Random Forest → Acc: 0.5319 | Prec: 0.5217 | Rec: 1.0000 | F1: 0.6857
2026-05-02 17:04:34 [INFO] model — Training LSTM (seq_len=10) …
2026-05-02 17:04:39 [INFO] model — LSTM saved → C:\Users\ABHI\python project ca\models\lstm_model.keras
2026-05-02 17:04:39 [INFO] model — LSTM → Acc: 0.5135 | Prec: 0.5333 | Rec: 0.8000 | F1: 0.6400
2026-05-02 17:04:39 [INFO] model — Best model: Random Forest (F1=0.6857)
2026-05-02 17:04:40 [INFO] model — Loading best model: Random Forest
2026-05-02 17:20:44 [INFO] model — Loading best model: Random Forest
2026-05-02 17:21:05 [INFO] model — Train size: 184 | Test size: 47
2026-05-02 17:21:05 [INFO] model — Scaler saved → C:\Users\ABHI\python project ca\models\scaler.pkl
2026-05-02 17:21:05 [INFO] model — Training Logistic Regression …
2026-05-02 17:21:05 [INFO] model — Logistic Regression saved → C:\Users\ABHI\python project ca\models\logistic_regression.pkl
2026-05-02 17:21:05 [INFO] model — Logistic Regression → Acc: 0.4681 | Prec: 0.4828 | Rec: 0.5833 | F1: 0.5283
2026-05-02 17:21:05 [INFO] model — Training Random Forest …
2026-05-02 17:21:06 [INFO] model — Top-5 features:
macd_hist        0.076482
volatility       0.073509
macd             0.064805
volume_change    0.060302
volume_ratio     0.056062
2026-05-02 17:21:06 [INFO] model — Random Forest saved → C:\Users\ABHI\python project ca\models\random_forest.pkl
2026-05-02 17:21:06 [INFO] model — Random Forest → Acc: 0.5319 | Prec: 0.5217 | Rec: 1.0000 | F1: 0.6857
2026-05-02 17:21:06 [INFO] model — Training LSTM (seq_len=10) …
2026-05-02 17:21:11 [INFO] model — LSTM saved → C:\Users\ABHI\python project ca\models\lstm_model.keras
2026-05-02 17:21:11 [INFO] model — LSTM → Acc: 0.5135 | Prec: 0.5385 | Rec: 0.7000 | F1: 0.6087
2026-05-02 17:21:11 [INFO] model — Best model: Random Forest (F1=0.6857)
2026-05-02 17:21:11 [INFO] model — Loading best model: Random Forest
2026-05-02 17:24:49 [INFO] data — Starting news collection for AAPL …
2026-05-02 17:24:52 [INFO] data — Yahoo RSS — fetched 20 articles for AAPL
2026-05-02 17:24:53 [INFO] data — Economic Times — fetched 16 articles
2026-05-02 17:24:57 [INFO] data — Moneycontrol — fetched 25 articles
2026-05-02 17:24:57 [INFO] data — NewsAPI key found — fetching advanced real-time news for AAPL...
2026-05-02 17:25:00 [INFO] data — NewsAPI — fetched 30 articles
2026-05-02 17:25:00 [INFO] data — News saved → C:\Users\ABHI\python project ca\data\news_data.csv (91 rows)
2026-05-02 17:25:00 [INFO] sentiment — Computing sentiment for 91 rows …
2026-05-02 17:25:00 [INFO] sentiment — Sentiment distribution — Positive: 46 | Neutral: 26 | Negative: 19
2026-05-02 17:25:00 [INFO] data — Fetching stock data for AAPL …
2026-05-02 17:25:01 [INFO] data — Stock data saved → C:\Users\ABHI\python project ca\data\stock_data.csv (251 rows)
2026-05-02 17:25:01 [INFO] data — Merged dataset saved → C:\Users\ABHI\python project ca\data\merged_dataset.csv (251 rows)
2026-05-02 17:25:01 [INFO] features — Engineering features on 251 rows …
2026-05-02 17:25:01 [INFO] features — Feature matrix: 231 rows × 31 features
2026-05-02 17:25:01 [INFO] features — Features saved → C:\Users\ABHI\python project ca\data\features.csv
2026-05-02 17:25:01 [INFO] data — Fetching screener data for 21 tickers...
2026-05-02 17:25:13 [INFO] model — Train size: 184 | Test size: 47
2026-05-02 17:25:13 [INFO] model — Scaler saved → C:\Users\ABHI\python project ca\models\scaler.pkl
2026-05-02 17:25:13 [INFO] model — Training Logistic Regression …
2026-05-02 17:25:13 [INFO] model — Logistic Regression saved → C:\Users\ABHI\python project ca\models\logistic_regression.pkl
2026-05-02 17:25:13 [INFO] model — Logistic Regression → Acc: 0.4681 | Prec: 0.4828 | Rec: 0.5833 | F1: 0.5283
2026-05-02 17:25:13 [INFO] model — Training Random Forest …
2026-05-02 17:25:14 [INFO] model — Top-5 features:
macd_hist        0.076482
volatility       0.073509
macd             0.064805
volume_change    0.060302
volume_ratio     0.056062
2026-05-02 17:25:14 [INFO] model — Random Forest saved → C:\Users\ABHI\python project ca\models\random_forest.pkl
2026-05-02 17:25:14 [INFO] model — Random Forest → Acc: 0.5319 | Prec: 0.5217 | Rec: 1.0000 | F1: 0.6857
2026-05-02 17:25:14 [INFO] model — Training LSTM (seq_len=10) …
2026-05-02 17:25:19 [INFO] model — LSTM saved → C:\Users\ABHI\python project ca\models\lstm_model.keras
2026-05-02 17:25:19 [INFO] model — LSTM → Acc: 0.5405 | Prec: 0.5789 | Rec: 0.5500 | F1: 0.5641
2026-05-02 17:25:19 [INFO] model — Best model: Random Forest (F1=0.6857)
2026-05-02 17:25:19 [INFO] model — Loading best model: Random Forest
2026-05-02 17:25:32 [INFO] model — Loading best model: Random Forest
2026-05-02 17:25:35 [INFO] model — Loading best model: Random Forest
2026-05-02 17:25:39 [INFO] model — Loading best model: Random Forest
2026-05-02 17:25:57 [INFO] model — Loading best model: Random Forest
2026-05-02 17:26:01 [INFO] model — Loading best model: Random Forest
2026-05-02 17:26:20 [INFO] model — Loading best model: Random Forest
2026-05-02 17:27:26 [INFO] data — Starting news collection for AAPL …
2026-05-02 17:27:29 [INFO] data — Yahoo RSS — fetched 20 articles for AAPL
2026-05-02 17:27:31 [INFO] data — Economic Times — fetched 16 articles
2026-05-02 17:27:37 [INFO] data — Moneycontrol — fetched 25 articles
2026-05-02 17:27:37 [INFO] data — NewsAPI key found — fetching advanced real-time news for AAPL...
2026-05-02 17:27:37 [INFO] data — NewsAPI — fetched 30 articles
2026-05-02 17:27:37 [INFO] data — News saved → C:\Users\ABHI\python project ca\data\news_data.csv (91 rows)
2026-05-02 17:27:37 [INFO] sentiment — Computing sentiment for 91 rows …
2026-05-02 17:27:37 [INFO] sentiment — Sentiment distribution — Positive: 46 | Neutral: 26 | Negative: 19
2026-05-02 17:27:37 [INFO] data — Fetching stock data for AAPL …
2026-05-02 17:27:38 [INFO] data — Stock data saved → C:\Users\ABHI\python project ca\data\stock_data.csv (251 rows)
2026-05-02 17:27:38 [INFO] data — Merged dataset saved → C:\Users\ABHI\python project ca\data\merged_dataset.csv (251 rows)
2026-05-02 17:27:38 [INFO] features — Engineering features on 251 rows …
2026-05-02 17:27:38 [INFO] features — Feature matrix: 231 rows × 31 features
2026-05-02 17:27:38 [INFO] features — Features saved → C:\Users\ABHI\python project ca\data\features.csv
2026-05-02 17:27:38 [INFO] data — Fetching screener data for 21 tickers...
2026-05-02 17:38:47 [INFO] data — Starting news collection for AAPL …
2026-05-02 17:38:50 [INFO] data — Yahoo RSS — fetched 20 articles for AAPL
2026-05-02 17:38:54 [INFO] data — Economic Times — fetched 16 articles
2026-05-02 17:38:56 [INFO] data — Moneycontrol — fetched 25 articles
2026-05-02 17:38:56 [INFO] data — NewsAPI key found — fetching advanced real-time news for AAPL...
2026-05-02 17:38:59 [INFO] data — NewsAPI — fetched 30 articles
2026-05-02 17:38:59 [INFO] data — News saved → C:\Users\ABHI\python project ca\data\news_data.csv (91 rows)
2026-05-02 17:38:59 [INFO] sentiment — Computing sentiment for 91 rows …
2026-05-02 17:38:59 [INFO] sentiment — Sentiment distribution — Positive: 46 | Neutral: 26 | Negative: 19
2026-05-02 17:38:59 [INFO] data — Fetching stock data for AAPL …
2026-05-02 17:39:00 [INFO] data — Stock data saved → C:\Users\ABHI\python project ca\data\stock_data.csv (251 rows)
2026-05-02 17:39:00 [INFO] data — Merged dataset saved → C:\Users\ABHI\python project ca\data\merged_dataset.csv (251 rows)
2026-05-02 17:39:00 [INFO] features — Engineering features on 251 rows …
2026-05-02 17:39:00 [INFO] features — Feature matrix: 231 rows × 31 features
2026-05-02 17:39:00 [INFO] features — Features saved → C:\Users\ABHI\python project ca\data\features.csv
2026-05-02 17:39:00 [INFO] data — Fetching screener data for 21 tickers...
2026-05-02 17:42:37 [INFO] data — Starting news collection for AAPL …
2026-05-02 17:42:39 [INFO] data — Yahoo RSS — fetched 20 articles for AAPL
2026-05-02 17:42:42 [INFO] data — Economic Times — fetched 16 articles
2026-05-02 17:42:44 [INFO] data — Moneycontrol — fetched 25 articles
2026-05-02 17:42:44 [INFO] data — NewsAPI key found — fetching advanced real-time news for AAPL...
2026-05-02 17:42:46 [INFO] data — NewsAPI — fetched 30 articles
2026-05-02 17:42:46 [INFO] data — News saved → C:\Users\ABHI\python project ca\data\news_data.csv (91 rows)
2026-05-02 17:42:46 [INFO] sentiment — Computing sentiment for 91 rows …
2026-05-02 17:42:46 [INFO] sentiment — Sentiment distribution — Positive: 46 | Neutral: 26 | Negative: 19
2026-05-02 17:42:46 [INFO] data — Fetching stock data for AAPL …
2026-05-02 17:42:46 [INFO] data — Stock data saved → C:\Users\ABHI\python project ca\data\stock_data.csv (251 rows)
2026-05-02 17:42:46 [INFO] data — Merged dataset saved → C:\Users\ABHI\python project ca\data\merged_dataset.csv (251 rows)
2026-05-02 17:42:46 [INFO] features — Engineering features on 251 rows …
2026-05-02 17:42:46 [INFO] features — Feature matrix: 231 rows × 31 features
2026-05-02 17:42:46 [INFO] features — Features saved → C:\Users\ABHI\python project ca\data\features.csv
2026-05-02 17:42:47 [INFO] data — Fetching screener data for 21 tickers...
2026-05-02 17:43:05 [INFO] data — Starting news collection for AAPL …
2026-05-02 17:43:06 [INFO] model — Train size: 184 | Test size: 47
2026-05-02 17:43:06 [INFO] model — Scaler saved → C:\Users\ABHI\python project ca\models\scaler.pkl
2026-05-02 17:43:06 [INFO] model — Training Logistic Regression …
2026-05-02 17:43:06 [INFO] model — Logistic Regression saved → C:\Users\ABHI\python project ca\models\logistic_regression.pkl
2026-05-02 17:43:06 [INFO] model — Logistic Regression → Acc: 0.4681 | Prec: 0.4828 | Rec: 0.5833 | F1: 0.5283
2026-05-02 17:43:06 [INFO] model — Training Random Forest …
2026-05-02 17:43:07 [INFO] model — Top-5 features:
macd_hist        0.076482
volatility       0.073509
macd             0.064805
volume_change    0.060302
volume_ratio     0.056062
2026-05-02 17:43:07 [INFO] model — Random Forest saved → C:\Users\ABHI\python project ca\models\random_forest.pkl
2026-05-02 17:43:07 [INFO] model — Random Forest → Acc: 0.5319 | Prec: 0.5217 | Rec: 1.0000 | F1: 0.6857
2026-05-02 17:43:07 [INFO] model — Training LSTM (seq_len=10) …
2026-05-02 17:43:08 [INFO] data — Yahoo RSS — fetched 20 articles for AAPL
2026-05-02 17:43:11 [INFO] data — Economic Times — fetched 16 articles
2026-05-02 17:43:12 [INFO] model — LSTM saved → C:\Users\ABHI\python project ca\models\lstm_model.keras
2026-05-02 17:43:12 [INFO] model — LSTM → Acc: 0.5946 | Prec: 0.6667 | Rec: 0.5000 | F1: 0.5714
2026-05-02 17:43:12 [INFO] model — Best model: Random Forest (F1=0.6857)
2026-05-02 17:43:13 [INFO] model — Loading best model: Random Forest
2026-05-02 17:43:13 [INFO] data — Moneycontrol — fetched 25 articles
2026-05-02 17:43:13 [INFO] data — NewsAPI key found — fetching advanced real-time news for AAPL...
2026-05-02 17:43:14 [INFO] data — NewsAPI — fetched 30 articles
2026-05-02 17:43:14 [INFO] data — News saved → C:\Users\ABHI\python project ca\data\news_data.csv (91 rows)
2026-05-02 17:43:14 [INFO] sentiment — Computing sentiment for 91 rows …
2026-05-02 17:43:15 [INFO] sentiment — Sentiment distribution — Positive: 46 | Neutral: 26 | Negative: 19
2026-05-02 17:43:34 [INFO] model — Loading best model: Random Forest
2026-05-02 17:43:54 [INFO] model — Loading best model: Random Forest
2026-05-02 17:43:55 [INFO] model — Loading best model: Random Forest
2026-05-02 17:44:30 [INFO] data — Starting news collection for AAPL …
2026-05-02 17:44:32 [INFO] data — Yahoo RSS — fetched 20 articles for AAPL
2026-05-02 17:44:34 [INFO] data — Economic Times — fetched 16 articles
2026-05-02 17:44:35 [INFO] data — Fetching screener data for 21 tickers...
2026-05-02 17:44:36 [INFO] data — Starting news collection for AAPL …
2026-05-02 17:44:37 [INFO] data — Moneycontrol — fetched 25 articles
2026-05-02 17:44:37 [INFO] data — NewsAPI key found — fetching advanced real-time news for AAPL...
2026-05-02 17:44:38 [INFO] data — NewsAPI — fetched 30 articles
2026-05-02 17:44:38 [INFO] data — News saved → C:\Users\ABHI\python project ca\data\news_data.csv (91 rows)
2026-05-02 17:44:38 [INFO] sentiment — Computing sentiment for 91 rows …
2026-05-02 17:44:38 [INFO] sentiment — Sentiment distribution — Positive: 46 | Neutral: 26 | Negative: 19
2026-05-02 17:44:39 [INFO] data — Yahoo RSS — fetched 20 articles for AAPL
2026-05-02 17:44:40 [INFO] data — Economic Times — fetched 16 articles
2026-05-02 17:44:42 [INFO] data — Moneycontrol — fetched 25 articles
2026-05-02 17:44:42 [INFO] data — NewsAPI key found — fetching advanced real-time news for AAPL...
2026-05-02 17:44:43 [INFO] data — NewsAPI — fetched 30 articles
2026-05-02 17:44:43 [INFO] data — News saved → C:\Users\ABHI\python project ca\data\news_data.csv (91 rows)
2026-05-02 17:44:43 [INFO] sentiment — Computing sentiment for 91 rows …
2026-05-02 17:44:43 [INFO] sentiment — Sentiment distribution — Positive: 46 | Neutral: 26 | Negative: 19
2026-05-02 17:44:43 [INFO] data — Fetching stock data for AAPL …
2026-05-02 17:44:43 [INFO] data — Stock data saved → C:\Users\ABHI\python project ca\data\stock_data.csv (251 rows)
2026-05-02 17:44:43 [INFO] data — Merged dataset saved → C:\Users\ABHI\python project ca\data\merged_dataset.csv (251 rows)
2026-05-02 17:44:43 [INFO] features — Engineering features on 251 rows …
2026-05-02 17:44:43 [INFO] features — Feature matrix: 231 rows × 31 features
2026-05-02 17:44:43 [INFO] features — Features saved → C:\Users\ABHI\python project ca\data\features.csv
